----------------------------------------------------------------
Mon Jul 02 18:51:50 CEST 2018:
Booting Derby version The Apache Software Foundation - Apache Derby - 10.11.1.1 - (1616546): instance a816c00e-0164-5be8-574a-00000b8168b8 
on database directory memory:/home/rnacher/src/commons-jcs/commons-jcs-jcache-openjpa/test with class loader sun.misc.Launcher$AppClassLoader@75b84c92 
Loaded from file:/home/rnacher/.m2/repository/org/apache/derby/derby/10.11.1.1/derby-10.11.1.1.jar
java.vendor=Oracle Corporation
java.runtime.version=1.8.0_172-b11
user.dir=/home/rnacher/src/commons-jcs/commons-jcs-jcache-openjpa
os.name=Linux
os.arch=amd64
os.version=4.17.2-1-ARCH
derby.system.home=null
Database Class Loader started - derby.database.classpath=''
----------------------------------------------------------------
Mon Jul 02 18:51:51 CEST 2018:
Shutting down instance a816c00e-0164-5be8-574a-00000b8168b8 on database directory memory:/home/rnacher/src/commons-jcs/commons-jcs-jcache-openjpa/test with class loader sun.misc.Launcher$AppClassLoader@75b84c92 
----------------------------------------------------------------
Mon Jul 02 18:51:51 CEST 2018:
Booting Derby version The Apache Software Foundation - Apache Derby - 10.11.1.1 - (1616546): instance 4b6f00c8-0164-5be8-574a-00000b8168b8 
on database directory memory:/home/rnacher/src/commons-jcs/commons-jcs-jcache-openjpa/test with class loader sun.misc.Launcher$AppClassLoader@75b84c92 
Loaded from file:/home/rnacher/.m2/repository/org/apache/derby/derby/10.11.1.1/derby-10.11.1.1.jar
java.vendor=Oracle Corporation
java.runtime.version=1.8.0_172-b11
user.dir=/home/rnacher/src/commons-jcs/commons-jcs-jcache-openjpa
os.name=Linux
os.arch=amd64
os.version=4.17.2-1-ARCH
derby.system.home=null
Database Class Loader started - derby.database.classpath=''
----------------------------------------------------------------
Mon Jul 02 18:51:52 CEST 2018:
Shutting down instance 4b6f00c8-0164-5be8-574a-00000b8168b8 on database directory memory:/home/rnacher/src/commons-jcs/commons-jcs-jcache-openjpa/test with class loader sun.misc.Launcher$AppClassLoader@75b84c92 
